{
  "stats": {
    "suites": 60,
    "tests": 174,
    "passes": 174,
    "pending": 0,
    "failures": 0,
    "start": "2025-12-28T11:59:20.983Z",
    "end": "2025-12-28T11:59:48.165Z",
    "duration": 27182,
    "testsRegistered": 174,
    "passPercent": 100,
    "pendingPercent": 0,
    "other": 0,
    "hasOther": false,
    "skipped": 0,
    "hasSkipped": false
  },
  "results": [
    {
      "uuid": "0cc7f9c7-2058-4d69-890e-8b489d426727",
      "title": "",
      "fullFile": "",
      "file": "",
      "beforeHooks": [
        {
          "title": "\"before all\" hook in \"{root}\"",
          "fullTitle": "\"before all\" hook in \"{root}\"",
          "timedOut": false,
          "duration": 963,
          "state": null,
          "speed": null,
          "pass": false,
          "fail": false,
          "pending": false,
          "context": null,
          "code": "this.timeout(60000); // 60 second timeout for MongoDB setup\ntry {\n  mongoServer = await MongoMemoryServer.create({\n    instance: {\n      port: null, // Auto-select available port\n      ip: '127.0.0.1', // Use localhost\n      storageEngine: 'wiredTiger',\n    },\n  });\n  const mongoUri = mongoServer.getUri();\n  await mongoose.connect(mongoUri);\n} catch (error) {\n  console.error('MongoDB setup error:', error);\n  throw error;\n}",
          "err": {},
          "uuid": "a4798143-a471-49f9-999e-f02766b2946c",
          "parentUUID": "0cc7f9c7-2058-4d69-890e-8b489d426727",
          "isHook": true,
          "skipped": false
        }
      ],
      "afterHooks": [
        {
          "title": "\"after all\" hook in \"{root}\"",
          "fullTitle": "\"after all\" hook in \"{root}\"",
          "timedOut": false,
          "duration": 215,
          "state": null,
          "speed": null,
          "pass": false,
          "fail": false,
          "pending": false,
          "context": null,
          "code": "if (mongoose.connection.readyState !== 0) {\n  await mongoose.disconnect();\n}\nif (mongoServer) {\n  await mongoServer.stop();\n}",
          "err": {},
          "uuid": "0ab7c044-d033-4ed1-b1eb-c5942be0e5b0",
          "parentUUID": "0cc7f9c7-2058-4d69-890e-8b489d426727",
          "isHook": true,
          "skipped": false
        },
        {
          "title": "\"after each\" hook in \"{root}\"",
          "fullTitle": "\"after each\" hook in \"{root}\"",
          "timedOut": false,
          "duration": 7,
          "state": null,
          "speed": null,
          "pass": false,
          "fail": false,
          "pending": false,
          "context": null,
          "code": "if (mongoose.connection.readyState === 1) {\n  const collections = mongoose.connection.collections;\n  for (const key in collections) {\n    await collections[key].deleteMany();\n  }\n}",
          "err": {},
          "uuid": "868757b2-8e57-4a1e-97e7-405b2f9bd222",
          "parentUUID": "0cc7f9c7-2058-4d69-890e-8b489d426727",
          "isHook": true,
          "skipped": false
        }
      ],
      "tests": [],
      "suites": [
        {
          "uuid": "e8f8df86-483e-4392-8821-c4b57a87020a",
          "title": "Auth API Integration Tests",
          "fullFile": "D:\\Sanskar\\Learn\\Jenkins\\sample-app\\backend\\src\\tests\\integration\\auth.test.js",
          "file": "\\src\\tests\\integration\\auth.test.js",
          "beforeHooks": [],
          "afterHooks": [],
          "tests": [],
          "suites": [
            {
              "uuid": "28b7485e-29d1-4519-8316-862c22d5d7f6",
              "title": "POST /api/auth/signup",
              "fullFile": "D:\\Sanskar\\Learn\\Jenkins\\sample-app\\backend\\src\\tests\\integration\\auth.test.js",
              "file": "\\src\\tests\\integration\\auth.test.js",
              "beforeHooks": [],
              "afterHooks": [],
              "tests": [
                {
                  "title": "should create a new user",
                  "fullTitle": "Auth API Integration Tests POST /api/auth/signup should create a new user",
                  "timedOut": false,
                  "duration": 376,
                  "state": "passed",
                  "speed": "slow",
                  "pass": true,
                  "fail": false,
                  "pending": false,
                  "context": null,
                  "code": "const res = await request(app)\n  .post('/api/auth/signup')\n  .send({\n    name: 'John Doe',\n    email: 'john@test.com',\n    password: 'password123',\n  });\nexpect(res.status).to.equal(201);\nexpect(res.body.success).to.be.true;\nexpect(res.body.token).to.exist;\nexpect(res.body.user).to.exist;\nexpect(res.body.user.email).to.equal('john@test.com');",
                  "err": {},
                  "uuid": "643b90c8-6037-48b9-aa4b-3b6bc8beeadf",
                  "parentUUID": "28b7485e-29d1-4519-8316-862c22d5d7f6",
                  "isHook": false,
                  "skipped": false
                },
                {
                  "title": "should return error for duplicate email",
                  "fullTitle": "Auth API Integration Tests POST /api/auth/signup should return error for duplicate email",
                  "timedOut": false,
                  "duration": 433,
                  "state": "passed",
                  "speed": "slow",
                  "pass": true,
                  "fail": false,
                  "pending": false,
                  "context": null,
                  "code": "await User.create({\n  name: 'Existing User',\n  email: 'duplicate@test.com',\n  password: 'password123',\n});\nconst res = await request(app)\n  .post('/api/auth/signup')\n  .send({\n    name: 'New User',\n    email: 'duplicate@test.com',\n    password: 'password456',\n  });\nexpect(res.status).to.equal(400);\nexpect(res.body.success).to.be.false;",
                  "err": {},
                  "uuid": "25896661-d386-4e32-bde2-a991dddbd46f",
                  "parentUUID": "28b7485e-29d1-4519-8316-862c22d5d7f6",
                  "isHook": false,
                  "skipped": false
                },
                {
                  "title": "should return error for invalid email",
                  "fullTitle": "Auth API Integration Tests POST /api/auth/signup should return error for invalid email",
                  "timedOut": false,
                  "duration": 14,
                  "state": "passed",
                  "speed": "fast",
                  "pass": true,
                  "fail": false,
                  "pending": false,
                  "context": null,
                  "code": "const res = await request(app)\n  .post('/api/auth/signup')\n  .send({\n    name: 'John Doe',\n    email: 'invalid-email',\n    password: 'password123',\n  });\nexpect(res.status).to.equal(400);\nexpect(res.body.success).to.be.false;",
                  "err": {},
                  "uuid": "b0111370-875f-4284-b2ef-d6204a4a53b6",
                  "parentUUID": "28b7485e-29d1-4519-8316-862c22d5d7f6",
                  "isHook": false,
                  "skipped": false
                }
              ],
              "suites": [],
              "passes": [
                "643b90c8-6037-48b9-aa4b-3b6bc8beeadf",
                "25896661-d386-4e32-bde2-a991dddbd46f",
                "b0111370-875f-4284-b2ef-d6204a4a53b6"
              ],
              "failures": [],
              "pending": [],
              "skipped": [],
              "duration": 823,
              "root": false,
              "rootEmpty": false,
              "_timeout": 10000
            },
            {
              "uuid": "9766800e-ba83-4ab9-ae4b-f1f3f89f96b3",
              "title": "POST /api/auth/login",
              "fullFile": "D:\\Sanskar\\Learn\\Jenkins\\sample-app\\backend\\src\\tests\\integration\\auth.test.js",
              "file": "\\src\\tests\\integration\\auth.test.js",
              "beforeHooks": [
                {
                  "title": "\"before each\" hook in \"POST /api/auth/login\"",
                  "fullTitle": "Auth API Integration Tests POST /api/auth/login \"before each\" hook in \"POST /api/auth/login\"",
                  "timedOut": false,
                  "duration": 196,
                  "state": null,
                  "speed": null,
                  "pass": false,
                  "fail": false,
                  "pending": false,
                  "context": null,
                  "code": "await User.create({\n  name: 'Test User',\n  email: 'login@test.com',\n  password: 'password123',\n});",
                  "err": {},
                  "uuid": "0474920c-9e2e-435a-8867-223272934908",
                  "parentUUID": "9766800e-ba83-4ab9-ae4b-f1f3f89f96b3",
                  "isHook": true,
                  "skipped": false
                }
              ],
              "afterHooks": [],
              "tests": [
                {
                  "title": "should login with valid credentials",
                  "fullTitle": "Auth API Integration Tests POST /api/auth/login should login with valid credentials",
                  "timedOut": false,
                  "duration": 192,
                  "state": "passed",
                  "speed": "slow",
                  "pass": true,
                  "fail": false,
                  "pending": false,
                  "context": null,
                  "code": "const res = await request(app)\n  .post('/api/auth/login')\n  .send({\n    email: 'login@test.com',\n    password: 'password123',\n  });\nexpect(res.status).to.equal(200);\nexpect(res.body.success).to.be.true;\nexpect(res.body.token).to.exist;",
                  "err": {},
                  "uuid": "24b890b5-b86b-4027-b714-44d10946eec9",
                  "parentUUID": "9766800e-ba83-4ab9-ae4b-f1f3f89f96b3",
                  "isHook": false,
                  "skipped": false
                },
                {
                  "title": "should return error for invalid password",
                  "fullTitle": "Auth API Integration Tests POST /api/auth/login should return error for invalid password",
                  "timedOut": false,
                  "duration": 251,
                  "state": "passed",
                  "speed": "slow",
                  "pass": true,
                  "fail": false,
                  "pending": false,
                  "context": null,
                  "code": "const res = await request(app)\n  .post('/api/auth/login')\n  .send({\n    email: 'login@test.com',\n    password: 'wrongpassword',\n  });\nexpect(res.status).to.equal(401);\nexpect(res.body.success).to.be.false;",
                  "err": {},
                  "uuid": "b698596c-a2dc-4414-9653-c1187b441753",
                  "parentUUID": "9766800e-ba83-4ab9-ae4b-f1f3f89f96b3",
                  "isHook": false,
                  "skipped": false
                },
                {
                  "title": "should return error for non-existent user",
                  "fullTitle": "Auth API Integration Tests POST /api/auth/login should return error for non-existent user",
                  "timedOut": false,
                  "duration": 11,
                  "state": "passed",
                  "speed": "fast",
                  "pass": true,
                  "fail": false,
                  "pending": false,
                  "context": null,
                  "code": "const res = await request(app)\n  .post('/api/auth/login')\n  .send({\n    email: 'nonexistent@test.com',\n    password: 'password123',\n  });\nexpect(res.status).to.equal(401);\nexpect(res.body.success).to.be.false;",
                  "err": {},
                  "uuid": "2b9fc9da-226c-4845-9817-d6ce2b9f63e5",
                  "parentUUID": "9766800e-ba83-4ab9-ae4b-f1f3f89f96b3",
                  "isHook": false,
                  "skipped": false
                }
              ],
              "suites": [],
              "passes": [
                "24b890b5-b86b-4027-b714-44d10946eec9",
                "b698596c-a2dc-4414-9653-c1187b441753",
                "2b9fc9da-226c-4845-9817-d6ce2b9f63e5"
              ],
              "failures": [],
              "pending": [],
              "skipped": [],
              "duration": 454,
              "root": false,
              "rootEmpty": false,
              "_timeout": 10000
            },
            {
              "uuid": "ecd55a9a-552a-41b9-bd8d-eeb1b6bae9d1",
              "title": "GET /api/auth/me",
              "fullFile": "D:\\Sanskar\\Learn\\Jenkins\\sample-app\\backend\\src\\tests\\integration\\auth.test.js",
              "file": "\\src\\tests\\integration\\auth.test.js",
              "beforeHooks": [
                {
                  "title": "\"before each\" hook in \"GET /api/auth/me\"",
                  "fullTitle": "Auth API Integration Tests GET /api/auth/me \"before each\" hook in \"GET /api/auth/me\"",
                  "timedOut": false,
                  "duration": 201,
                  "state": null,
                  "speed": null,
                  "pass": false,
                  "fail": false,
                  "pending": false,
                  "context": null,
                  "code": "const res = await request(app)\n  .post('/api/auth/signup')\n  .send({\n    name: 'Test User',\n    email: 'me@test.com',\n    password: 'password123',\n  });\ntoken = res.body.token;",
                  "err": {},
                  "uuid": "03f58276-8d0b-44f1-bb2a-bb4f59be6268",
                  "parentUUID": "ecd55a9a-552a-41b9-bd8d-eeb1b6bae9d1",
                  "isHook": true,
                  "skipped": false
                }
              ],
              "afterHooks": [],
              "tests": [
                {
                  "title": "should get user data with valid token",
                  "fullTitle": "Auth API Integration Tests GET /api/auth/me should get user data with valid token",
                  "timedOut": false,
                  "duration": 19,
                  "state": "passed",
                  "speed": "fast",
                  "pass": true,
                  "fail": false,
                  "pending": false,
                  "context": null,
                  "code": "const res = await request(app)\n  .get('/api/auth/me')\n  .set('Authorization', `Bearer ${token}`);\nexpect(res.status).to.equal(200);\nexpect(res.body.success).to.be.true;\nexpect(res.body.user).to.exist;\nexpect(res.body.user.email).to.equal('me@test.com');",
                  "err": {},
                  "uuid": "8bd7969a-b01b-46d7-80a1-a12dfe22d9b5",
                  "parentUUID": "ecd55a9a-552a-41b9-bd8d-eeb1b6bae9d1",
                  "isHook": false,
                  "skipped": false
                },
                {
                  "title": "should return error without token",
                  "fullTitle": "Auth API Integration Tests GET /api/auth/me should return error without token",
                  "timedOut": false,
                  "duration": 9,
                  "state": "passed",
                  "speed": "fast",
                  "pass": true,
                  "fail": false,
                  "pending": false,
                  "context": null,
                  "code": "const res = await request(app).get('/api/auth/me');\nexpect(res.status).to.equal(401);\nexpect(res.body.success).to.be.false;",
                  "err": {},
                  "uuid": "3dcaf825-16ae-4e92-8088-48b4fdbcb8fa",
                  "parentUUID": "ecd55a9a-552a-41b9-bd8d-eeb1b6bae9d1",
                  "isHook": false,
                  "skipped": false
                },
                {
                  "title": "should return error with invalid token",
                  "fullTitle": "Auth API Integration Tests GET /api/auth/me should return error with invalid token",
                  "timedOut": false,
                  "duration": 8,
                  "state": "passed",
                  "speed": "fast",
                  "pass": true,
                  "fail": false,
                  "pending": false,
                  "context": null,
                  "code": "const res = await request(app)\n  .get('/api/auth/me')\n  .set('Authorization', 'Bearer invalid-token');\nexpect(res.status).to.equal(401);\nexpect(res.body.success).to.be.false;",
                  "err": {},
                  "uuid": "bc608db6-6ca2-458a-91ba-5fcb8744208a",
                  "parentUUID": "ecd55a9a-552a-41b9-bd8d-eeb1b6bae9d1",
                  "isHook": false,
                  "skipped": false
                }
              ],
              "suites": [],
              "passes": [
                "8bd7969a-b01b-46d7-80a1-a12dfe22d9b5",
                "3dcaf825-16ae-4e92-8088-48b4fdbcb8fa",
                "bc608db6-6ca2-458a-91ba-5fcb8744208a"
              ],
              "failures": [],
              "pending": [],
              "skipped": [],
              "duration": 36,
              "root": false,
              "rootEmpty": false,
              "_timeout": 10000
            }
          ],
          "passes": [],
          "failures": [],
          "pending": [],
          "skipped": [],
          "duration": 0,
          "root": false,
          "rootEmpty": false,
          "_timeout": 10000
        },
        {
          "uuid": "b3e7aa77-dade-4510-a827-9fcc6e2926a3",
          "title": "Transaction API Integration Tests",
          "fullFile": "D:\\Sanskar\\Learn\\Jenkins\\sample-app\\backend\\src\\tests\\integration\\transaction.test.js",
          "file": "\\src\\tests\\integration\\transaction.test.js",
          "beforeHooks": [
            {
              "title": "\"before each\" hook in \"Transaction API Integration Tests\"",
              "fullTitle": "Transaction API Integration Tests \"before each\" hook in \"Transaction API Integration Tests\"",
              "timedOut": false,
              "duration": 281,
              "state": null,
              "speed": null,
              "pass": false,
              "fail": false,
              "pending": false,
              "context": null,
              "code": "const res = await request(app)\n  .post('/api/auth/signup')\n  .send({\n    name: 'Test User',\n    email: 'transaction@test.com',\n    password: 'password123',\n  });\ntoken = res.body.token;\nuser = res.body.user;\ncategory = await Category.create({\n  name: 'Food',\n  type: 'expense',\n  user: user._id,\n});",
              "err": {},
              "uuid": "44a4bf63-c5ba-4916-863d-8b3052d1e33b",
              "parentUUID": "b3e7aa77-dade-4510-a827-9fcc6e2926a3",
              "isHook": true,
              "skipped": false
            }
          ],
          "afterHooks": [],
          "tests": [],
          "suites": [
            {
              "uuid": "50d721dc-ad6a-4692-ab22-e16a95976b58",
              "title": "POST /api/transactions",
              "fullFile": "D:\\Sanskar\\Learn\\Jenkins\\sample-app\\backend\\src\\tests\\integration\\transaction.test.js",
              "file": "\\src\\tests\\integration\\transaction.test.js",
              "beforeHooks": [],
              "afterHooks": [],
              "tests": [
                {
                  "title": "should create a new transaction",
                  "fullTitle": "Transaction API Integration Tests POST /api/transactions should create a new transaction",
                  "timedOut": false,
                  "duration": 55,
                  "state": "passed",
                  "speed": "medium",
                  "pass": true,
                  "fail": false,
                  "pending": false,
                  "context": null,
                  "code": "const res = await request(app)\n  .post('/api/transactions')\n  .set('Authorization', `Bearer ${token}`)\n  .send({\n    type: 'expense',\n    amount: 50,\n    category: category._id.toString(),\n    description: 'Lunch',\n  });\nexpect(res.status).to.equal(201);\nexpect(res.body.success).to.be.true;\nexpect(res.body.data).to.exist;\nexpect(res.body.data.amount).to.equal(50);",
                  "err": {},
                  "uuid": "76ac44ae-7f80-466f-880e-e07f30d670f9",
                  "parentUUID": "50d721dc-ad6a-4692-ab22-e16a95976b58",
                  "isHook": false,
                  "skipped": false
                },
                {
                  "title": "should require authentication",
                  "fullTitle": "Transaction API Integration Tests POST /api/transactions should require authentication",
                  "timedOut": false,
                  "duration": 13,
                  "state": "passed",
                  "speed": "fast",
                  "pass": true,
                  "fail": false,
                  "pending": false,
                  "context": null,
                  "code": "const res = await request(app)\n  .post('/api/transactions')\n  .send({\n    type: 'expense',\n    amount: 50,\n    category: category._id.toString(),\n  });\nexpect(res.status).to.equal(401);",
                  "err": {},
                  "uuid": "526a41c6-9295-4334-b95a-4d5bf8bd8ca1",
                  "parentUUID": "50d721dc-ad6a-4692-ab22-e16a95976b58",
                  "isHook": false,
                  "skipped": false
                },
                {
                  "title": "should validate required fields",
                  "fullTitle": "Transaction API Integration Tests POST /api/transactions should validate required fields",
                  "timedOut": false,
                  "duration": 27,
                  "state": "passed",
                  "speed": "fast",
                  "pass": true,
                  "fail": false,
                  "pending": false,
                  "context": null,
                  "code": "const res = await request(app)\n  .post('/api/transactions')\n  .set('Authorization', `Bearer ${token}`)\n  .send({\n    type: 'expense',\n  });\nexpect(res.status).to.equal(400);\nexpect(res.body.success).to.be.false;",
                  "err": {},
                  "uuid": "5ae3717a-2c99-4125-9abf-90157a7d35cd",
                  "parentUUID": "50d721dc-ad6a-4692-ab22-e16a95976b58",
                  "isHook": false,
                  "skipped": false
                }
              ],
              "suites": [],
              "passes": [
                "76ac44ae-7f80-466f-880e-e07f30d670f9",
                "526a41c6-9295-4334-b95a-4d5bf8bd8ca1",
                "5ae3717a-2c99-4125-9abf-90157a7d35cd"
              ],
              "failures": [],
              "pending": [],
              "skipped": [],
              "duration": 95,
              "root": false,
              "rootEmpty": false,
              "_timeout": 10000
            },
            {
              "uuid": "869a523c-8bb5-42ef-9495-f3be9455044c",
              "title": "GET /api/transactions",
              "fullFile": "D:\\Sanskar\\Learn\\Jenkins\\sample-app\\backend\\src\\tests\\integration\\transaction.test.js",
              "file": "\\src\\tests\\integration\\transaction.test.js",
              "beforeHooks": [
                {
                  "title": "\"before each\" hook in \"GET /api/transactions\"",
                  "fullTitle": "Transaction API Integration Tests GET /api/transactions \"before each\" hook in \"GET /api/transactions\"",
                  "timedOut": false,
                  "duration": 5,
                  "state": null,
                  "speed": null,
                  "pass": false,
                  "fail": false,
                  "pending": false,
                  "context": null,
                  "code": "await Transaction.create({\n  user: user._id,\n  type: 'expense',\n  amount: 100,\n  category: category._id,\n});",
                  "err": {},
                  "uuid": "dc7a9ef5-10f1-429d-945e-e5aa316df179",
                  "parentUUID": "869a523c-8bb5-42ef-9495-f3be9455044c",
                  "isHook": true,
                  "skipped": false
                }
              ],
              "afterHooks": [],
              "tests": [
                {
                  "title": "should get user transactions",
                  "fullTitle": "Transaction API Integration Tests GET /api/transactions should get user transactions",
                  "timedOut": false,
                  "duration": 44,
                  "state": "passed",
                  "speed": "medium",
                  "pass": true,
                  "fail": false,
                  "pending": false,
                  "context": null,
                  "code": "const res = await request(app)\n  .get('/api/transactions')\n  .set('Authorization', `Bearer ${token}`);\nexpect(res.status).to.equal(200);\nexpect(res.body.success).to.be.true;\nexpect(res.body.data).to.be.an('array');\nexpect(res.body.data.length).to.be.greaterThan(0);",
                  "err": {},
                  "uuid": "5f8729f7-66c7-413c-a29a-63e03ade1289",
                  "parentUUID": "869a523c-8bb5-42ef-9495-f3be9455044c",
                  "isHook": false,
                  "skipped": false
                },
                {
                  "title": "should filter by type",
                  "fullTitle": "Transaction API Integration Tests GET /api/transactions should filter by type",
                  "timedOut": false,
                  "duration": 39,
                  "state": "passed",
                  "speed": "medium",
                  "pass": true,
                  "fail": false,
                  "pending": false,
                  "context": null,
                  "code": "const res = await request(app)\n  .get('/api/transactions?type=expense')\n  .set('Authorization', `Bearer ${token}`);\nexpect(res.status).to.equal(200);\nexpect(res.body.data).to.be.an('array');",
                  "err": {},
                  "uuid": "dfc75424-011d-4006-9c81-f4e006a53747",
                  "parentUUID": "869a523c-8bb5-42ef-9495-f3be9455044c",
                  "isHook": false,
                  "skipped": false
                },
                {
                  "title": "should support pagination",
                  "fullTitle": "Transaction API Integration Tests GET /api/transactions should support pagination",
                  "timedOut": false,
                  "duration": 37,
                  "state": "passed",
                  "speed": "fast",
                  "pass": true,
                  "fail": false,
                  "pending": false,
                  "context": null,
                  "code": "const res = await request(app)\n  .get('/api/transactions?page=1&limit=10')\n  .set('Authorization', `Bearer ${token}`);\nexpect(res.status).to.equal(200);\nexpect(res.body.data).to.be.an('array');",
                  "err": {},
                  "uuid": "60e1af21-d2a5-43da-a07c-35cc0109c1dd",
                  "parentUUID": "869a523c-8bb5-42ef-9495-f3be9455044c",
                  "isHook": false,
                  "skipped": false
                }
              ],
              "suites": [],
              "passes": [
                "5f8729f7-66c7-413c-a29a-63e03ade1289",
                "dfc75424-011d-4006-9c81-f4e006a53747",
                "60e1af21-d2a5-43da-a07c-35cc0109c1dd"
              ],
              "failures": [],
              "pending": [],
              "skipped": [],
              "duration": 120,
              "root": false,
              "rootEmpty": false,
              "_timeout": 10000
            },
            {
              "uuid": "47cefe82-72aa-4101-afa0-1727ca903e6e",
              "title": "PUT /api/transactions/:id",
              "fullFile": "D:\\Sanskar\\Learn\\Jenkins\\sample-app\\backend\\src\\tests\\integration\\transaction.test.js",
              "file": "\\src\\tests\\integration\\transaction.test.js",
              "beforeHooks": [
                {
                  "title": "\"before each\" hook in \"PUT /api/transactions/:id\"",
                  "fullTitle": "Transaction API Integration Tests PUT /api/transactions/:id \"before each\" hook in \"PUT /api/transactions/:id\"",
                  "timedOut": false,
                  "duration": 5,
                  "state": null,
                  "speed": null,
                  "pass": false,
                  "fail": false,
                  "pending": false,
                  "context": null,
                  "code": "transaction = await Transaction.create({\n  user: user._id,\n  type: 'expense',\n  amount: 100,\n  category: category._id,\n});",
                  "err": {},
                  "uuid": "06e27989-9ed9-4921-9b3b-6025c22292f0",
                  "parentUUID": "47cefe82-72aa-4101-afa0-1727ca903e6e",
                  "isHook": true,
                  "skipped": false
                }
              ],
              "afterHooks": [],
              "tests": [
                {
                  "title": "should update transaction",
                  "fullTitle": "Transaction API Integration Tests PUT /api/transactions/:id should update transaction",
                  "timedOut": false,
                  "duration": 44,
                  "state": "passed",
                  "speed": "medium",
                  "pass": true,
                  "fail": false,
                  "pending": false,
                  "context": null,
                  "code": "const res = await request(app)\n  .put(`/api/transactions/${transaction._id}`)\n  .set('Authorization', `Bearer ${token}`)\n  .send({\n    amount: 150,\n  });\nexpect(res.status).to.equal(200);\nexpect(res.body.success).to.be.true;\nexpect(res.body.data.amount).to.equal(150);",
                  "err": {},
                  "uuid": "6e402c98-85ae-47b5-8c2c-1bbfc5393784",
                  "parentUUID": "47cefe82-72aa-4101-afa0-1727ca903e6e",
                  "isHook": false,
                  "skipped": false
                },
                {
                  "title": "should not allow updating other users transactions",
                  "fullTitle": "Transaction API Integration Tests PUT /api/transactions/:id should not allow updating other users transactions",
                  "timedOut": false,
                  "duration": 208,
                  "state": "passed",
                  "speed": "slow",
                  "pass": true,
                  "fail": false,
                  "pending": false,
                  "context": null,
                  "code": "const otherUser = await User.create({\n  name: 'Other User',\n  email: 'other@test.com',\n  password: 'password123',\n});\nconst otherTransaction = await Transaction.create({\n  user: otherUser._id,\n  type: 'expense',\n  amount: 100,\n  category: category._id,\n});\nconst res = await request(app)\n  .put(`/api/transactions/${otherTransaction._id}`)\n  .set('Authorization', `Bearer ${token}`)\n  .send({\n    amount: 150,\n  });\nexpect(res.status).to.equal(404);",
                  "err": {},
                  "uuid": "347e2611-b3b6-4f81-b2f4-e806f64f5585",
                  "parentUUID": "47cefe82-72aa-4101-afa0-1727ca903e6e",
                  "isHook": false,
                  "skipped": false
                }
              ],
              "suites": [],
              "passes": [
                "6e402c98-85ae-47b5-8c2c-1bbfc5393784",
                "347e2611-b3b6-4f81-b2f4-e806f64f5585"
              ],
              "failures": [],
              "pending": [],
              "skipped": [],
              "duration": 252,
              "root": false,
              "rootEmpty": false,
              "_timeout": 10000
            },
            {
              "uuid": "3e81ce29-e041-41b9-b5ce-6403db11d7f6",
              "title": "DELETE /api/transactions/:id",
              "fullFile": "D:\\Sanskar\\Learn\\Jenkins\\sample-app\\backend\\src\\tests\\integration\\transaction.test.js",
              "file": "\\src\\tests\\integration\\transaction.test.js",
              "beforeHooks": [
                {
                  "title": "\"before each\" hook in \"DELETE /api/transactions/:id\"",
                  "fullTitle": "Transaction API Integration Tests DELETE /api/transactions/:id \"before each\" hook in \"DELETE /api/transactions/:id\"",
                  "timedOut": false,
                  "duration": 4,
                  "state": null,
                  "speed": null,
                  "pass": false,
                  "fail": false,
                  "pending": false,
                  "context": null,
                  "code": "transaction = await Transaction.create({\n  user: user._id,\n  type: 'expense',\n  amount: 100,\n  category: category._id,\n});",
                  "err": {},
                  "uuid": "ab8f69af-6dee-473d-9565-e1ec4a27c88c",
                  "parentUUID": "3e81ce29-e041-41b9-b5ce-6403db11d7f6",
                  "isHook": true,
                  "skipped": false
                }
              ],
              "afterHooks": [],
              "tests": [
                {
                  "title": "should delete transaction",
                  "fullTitle": "Transaction API Integration Tests DELETE /api/transactions/:id should delete transaction",
                  "timedOut": false,
                  "duration": 32,
                  "state": "passed",
                  "speed": "fast",
                  "pass": true,
                  "fail": false,
                  "pending": false,
                  "context": null,
                  "code": "const res = await request(app)\n  .delete(`/api/transactions/${transaction._id}`)\n  .set('Authorization', `Bearer ${token}`);\nexpect(res.status).to.equal(200);\nexpect(res.body.success).to.be.true;\nconst deleted = await Transaction.findById(transaction._id);\nexpect(deleted).to.be.null;",
                  "err": {},
                  "uuid": "0126a752-d4e6-4570-87bf-7070f893b51f",
                  "parentUUID": "3e81ce29-e041-41b9-b5ce-6403db11d7f6",
                  "isHook": false,
                  "skipped": false
                }
              ],
              "suites": [],
              "passes": [
                "0126a752-d4e6-4570-87bf-7070f893b51f"
              ],
              "failures": [],
              "pending": [],
              "skipped": [],
              "duration": 32,
              "root": false,
              "rootEmpty": false,
              "_timeout": 10000
            }
          ],
          "passes": [],
          "failures": [],
          "pending": [],
          "skipped": [],
          "duration": 0,
          "root": false,
          "rootEmpty": false,
          "_timeout": 10000
        },
        {
          "uuid": "5105ee16-75a2-4089-b084-bf4d74f4a45c",
          "title": "Auth Middleware",
          "fullFile": "D:\\Sanskar\\Learn\\Jenkins\\sample-app\\backend\\src\\tests\\unit\\middleware\\auth.test.js",
          "file": "\\src\\tests\\unit\\middleware\\auth.test.js",
          "beforeHooks": [
            {
              "title": "\"before each\" hook in \"Auth Middleware\"",
              "fullTitle": "Auth Middleware \"before each\" hook in \"Auth Middleware\"",
              "timedOut": false,
              "duration": 265,
              "state": null,
              "speed": null,
              "pass": false,
              "fail": false,
              "pending": false,
              "context": null,
              "code": "user = await User.create({\n    name: 'Test User',\n    email: 'test@example.com',\n    password: 'password123',\n});",
              "err": {},
              "uuid": "5f4f6120-bd96-4b08-9fa6-72a4b85b2efd",
              "parentUUID": "5105ee16-75a2-4089-b084-bf4d74f4a45c",
              "isHook": true,
              "skipped": false
            }
          ],
          "afterHooks": [],
          "tests": [],
          "suites": [
            {
              "uuid": "81a07d3b-47df-44dd-9a98-92ba3302c36b",
              "title": "protect middleware",
              "fullFile": "D:\\Sanskar\\Learn\\Jenkins\\sample-app\\backend\\src\\tests\\unit\\middleware\\auth.test.js",
              "file": "\\src\\tests\\unit\\middleware\\auth.test.js",
              "beforeHooks": [],
              "afterHooks": [],
              "tests": [
                {
                  "title": "should authenticate with valid token in Authorization header",
                  "fullTitle": "Auth Middleware protect middleware should authenticate with valid token in Authorization header",
                  "timedOut": false,
                  "duration": 10,
                  "state": "passed",
                  "speed": "fast",
                  "pass": true,
                  "fail": false,
                  "pending": false,
                  "context": null,
                  "code": "const token = generateToken(user._id);\nconst req = { headers: { authorization: `Bearer ${token}` }, cookies: {} };\nconst res = {};\nconst next = sinon.stub();\nawait protect(req, res, next);\nexpect(next.calledOnce).to.be.true;\nexpect(req.user).to.exist;\nexpect(req.user._id.toString()).to.equal(user._id.toString());",
                  "err": {},
                  "uuid": "9c61a225-76b9-4e35-ac7a-4eb978a2ae5f",
                  "parentUUID": "81a07d3b-47df-44dd-9a98-92ba3302c36b",
                  "isHook": false,
                  "skipped": false
                },
                {
                  "title": "should authenticate with valid token in cookies",
                  "fullTitle": "Auth Middleware protect middleware should authenticate with valid token in cookies",
                  "timedOut": false,
                  "duration": 7,
                  "state": "passed",
                  "speed": "fast",
                  "pass": true,
                  "fail": false,
                  "pending": false,
                  "context": null,
                  "code": "const token = generateToken(user._id);\nconst req = { headers: {}, cookies: { token } };\nconst res = {};\nconst next = sinon.stub();\nawait protect(req, res, next);\nexpect(next.calledOnce).to.be.true;\nexpect(req.user).to.exist;\nexpect(req.user._id.toString()).to.equal(user._id.toString());",
                  "err": {},
                  "uuid": "7e933864-ea1b-431a-b1e2-c8b179dfda19",
                  "parentUUID": "81a07d3b-47df-44dd-9a98-92ba3302c36b",
                  "isHook": false,
                  "skipped": false
                },
                {
                  "title": "should reject request without token",
                  "fullTitle": "Auth Middleware protect middleware should reject request without token",
                  "timedOut": false,
                  "duration": 3,
                  "state": "passed",
                  "speed": "fast",
                  "pass": true,
                  "fail": false,
                  "pending": false,
                  "context": null,
                  "code": "const req = { headers: {}, cookies: {} };\nconst res = { status: sinon.stub().returnsThis(), json: sinon.stub() };\nconst next = sinon.stub();\nawait protect(req, res, next);\nexpect(res.status.calledWith(401)).to.be.true;\nexpect(res.json.calledOnce).to.be.true;\nexpect(next.called).to.be.false;",
                  "err": {},
                  "uuid": "ff7f3f88-bb0c-44df-bcc4-9fa80ec5bdba",
                  "parentUUID": "81a07d3b-47df-44dd-9a98-92ba3302c36b",
                  "isHook": false,
                  "skipped": false
                },
                {
                  "title": "should reject malformed token (not Bearer format)",
                  "fullTitle": "Auth Middleware protect middleware should reject malformed token (not Bearer format)",
                  "timedOut": false,
                  "duration": 3,
                  "state": "passed",
                  "speed": "fast",
                  "pass": true,
                  "fail": false,
                  "pending": false,
                  "context": null,
                  "code": "const req = { headers: { authorization: 'InvalidFormat token123' }, cookies: {} };\nconst res = { status: sinon.stub().returnsThis(), json: sinon.stub() };\nconst next = sinon.stub();\nawait protect(req, res, next);\nexpect(res.status.calledWith(401)).to.be.true;\nexpect(next.called).to.be.false;",
                  "err": {},
                  "uuid": "af5afb6f-a9fe-418f-9d32-ba90c9937de3",
                  "parentUUID": "81a07d3b-47df-44dd-9a98-92ba3302c36b",
                  "isHook": false,
                  "skipped": false
                },
                {
                  "title": "should reject invalid JWT token",
                  "fullTitle": "Auth Middleware protect middleware should reject invalid JWT token",
                  "timedOut": false,
                  "duration": 4,
                  "state": "passed",
                  "speed": "fast",
                  "pass": true,
                  "fail": false,
                  "pending": false,
                  "context": null,
                  "code": "const req = { headers: { authorization: 'Bearer invalid-token-string' }, cookies: {} };\nconst res = { status: sinon.stub().returnsThis(), json: sinon.stub() };\nconst next = sinon.stub();\nawait protect(req, res, next);\nexpect(res.status.calledWith(401)).to.be.true;\nexpect(next.called).to.be.false;",
                  "err": {},
                  "uuid": "d096b135-7353-4ae0-a06a-95b29b755447",
                  "parentUUID": "81a07d3b-47df-44dd-9a98-92ba3302c36b",
                  "isHook": false,
                  "skipped": false
                },
                {
                  "title": "should reject expired JWT token",
                  "fullTitle": "Auth Middleware protect middleware should reject expired JWT token",
                  "timedOut": false,
                  "duration": 119,
                  "state": "passed",
                  "speed": "slow",
                  "pass": true,
                  "fail": false,
                  "pending": false,
                  "context": null,
                  "code": "const expiredToken = jwt.sign({ id: user._id }, process.env.JWT_SECRET, { expiresIn: '0s' });\nawait new Promise(resolve => setTimeout(resolve, 100));\nconst req = { headers: { authorization: `Bearer ${expiredToken}` }, cookies: {} };\nconst res = { status: sinon.stub().returnsThis(), json: sinon.stub() };\nconst next = sinon.stub();\nawait protect(req, res, next);\nexpect(res.status.calledWith(401)).to.be.true;\nexpect(next.called).to.be.false;",
                  "err": {},
                  "uuid": "251bcaac-9276-49d0-a28f-a0add95d6453",
                  "parentUUID": "81a07d3b-47df-44dd-9a98-92ba3302c36b",
                  "isHook": false,
                  "skipped": false
                },
                {
                  "title": "should reject if user no longer exists",
                  "fullTitle": "Auth Middleware protect middleware should reject if user no longer exists",
                  "timedOut": false,
                  "duration": 14,
                  "state": "passed",
                  "speed": "fast",
                  "pass": true,
                  "fail": false,
                  "pending": false,
                  "context": null,
                  "code": "const deletedUserId = '507f1f77bcf86cd799439011';\nconst token = jwt.sign({ id: deletedUserId }, process.env.JWT_SECRET);\nconst req = { headers: { authorization: `Bearer ${token}` }, cookies: {} };\nconst res = { status: sinon.stub().returnsThis(), json: sinon.stub() };\nconst next = sinon.stub();\nawait protect(req, res, next);\nexpect(res.status.calledWith(401)).to.be.true;\nexpect(next.called).to.be.false;",
                  "err": {},
                  "uuid": "c5c11ce1-bc65-4598-ab59-bea396b3e447",
                  "parentUUID": "81a07d3b-47df-44dd-9a98-92ba3302c36b",
                  "isHook": false,
                  "skipped": false
                },
                {
                  "title": "should attach user object to req.user",
                  "fullTitle": "Auth Middleware protect middleware should attach user object to req.user",
                  "timedOut": false,
                  "duration": 7,
                  "state": "passed",
                  "speed": "fast",
                  "pass": true,
                  "fail": false,
                  "pending": false,
                  "context": null,
                  "code": "const token = generateToken(user._id);\nconst req = { headers: { authorization: `Bearer ${token}` }, cookies: {} };\nconst res = {};\nconst next = sinon.stub();\nawait protect(req, res, next);\nexpect(req.user).to.exist;\nexpect(req.user.email).to.equal(user.email);\nexpect(req.user.name).to.equal(user.name);",
                  "err": {},
                  "uuid": "10a9950a-8247-4dd5-8082-fc56a24f0d76",
                  "parentUUID": "81a07d3b-47df-44dd-9a98-92ba3302c36b",
                  "isHook": false,
                  "skipped": false
                }
              ],
              "suites": [],
              "passes": [
                "9c61a225-76b9-4e35-ac7a-4eb978a2ae5f",
                "7e933864-ea1b-431a-b1e2-c8b179dfda19",
                "ff7f3f88-bb0c-44df-bcc4-9fa80ec5bdba",
                "af5afb6f-a9fe-418f-9d32-ba90c9937de3",
                "d096b135-7353-4ae0-a06a-95b29b755447",
                "251bcaac-9276-49d0-a28f-a0add95d6453",
                "c5c11ce1-bc65-4598-ab59-bea396b3e447",
                "10a9950a-8247-4dd5-8082-fc56a24f0d76"
              ],
              "failures": [],
              "pending": [],
              "skipped": [],
              "duration": 167,
              "root": false,
              "rootEmpty": false,
              "_timeout": 10000
            },
            {
              "uuid": "6d4ba284-65aa-41ab-b74a-314afe9b70eb",
              "title": "generateToken function",
              "fullFile": "D:\\Sanskar\\Learn\\Jenkins\\sample-app\\backend\\src\\tests\\unit\\middleware\\auth.test.js",
              "file": "\\src\\tests\\unit\\middleware\\auth.test.js",
              "beforeHooks": [],
              "afterHooks": [],
              "tests": [
                {
                  "title": "should generate a valid JWT token",
                  "fullTitle": "Auth Middleware generateToken function should generate a valid JWT token",
                  "timedOut": false,
                  "duration": 4,
                  "state": "passed",
                  "speed": "fast",
                  "pass": true,
                  "fail": false,
                  "pending": false,
                  "context": null,
                  "code": "const token = generateToken(user._id);\nexpect(token).to.exist;\nexpect(token).to.be.a('string');\nconst decoded = jwt.verify(token, process.env.JWT_SECRET);\nexpect(decoded.id).to.equal(user._id.toString());",
                  "err": {},
                  "uuid": "f1a5e1ef-2d52-42d4-be55-35dc1a1c24a1",
                  "parentUUID": "6d4ba284-65aa-41ab-b74a-314afe9b70eb",
                  "isHook": false,
                  "skipped": false
                },
                {
                  "title": "should include expiration in token",
                  "fullTitle": "Auth Middleware generateToken function should include expiration in token",
                  "timedOut": false,
                  "duration": 4,
                  "state": "passed",
                  "speed": "fast",
                  "pass": true,
                  "fail": false,
                  "pending": false,
                  "context": null,
                  "code": "const token = generateToken(user._id);\nconst decoded = jwt.verify(token, process.env.JWT_SECRET);\nexpect(decoded.exp).to.exist;\nexpect(decoded.iat).to.exist;\nexpect(decoded.exp).to.be.greaterThan(decoded.iat);",
                  "err": {},
                  "uuid": "26f03175-e9e1-44eb-9b3b-dcacbcf5da34",
                  "parentUUID": "6d4ba284-65aa-41ab-b74a-314afe9b70eb",
                  "isHook": false,
                  "skipped": false
                }
              ],
              "suites": [],
              "passes": [
                "f1a5e1ef-2d52-42d4-be55-35dc1a1c24a1",
                "26f03175-e9e1-44eb-9b3b-dcacbcf5da34"
              ],
              "failures": [],
              "pending": [],
              "skipped": [],
              "duration": 8,
              "root": false,
              "rootEmpty": false,
              "_timeout": 10000
            },
            {
              "uuid": "64df986b-2beb-4f48-b594-a2f13bd68f9b",
              "title": "sendTokenResponse function",
              "fullFile": "D:\\Sanskar\\Learn\\Jenkins\\sample-app\\backend\\src\\tests\\unit\\middleware\\auth.test.js",
              "file": "\\src\\tests\\unit\\middleware\\auth.test.js",
              "beforeHooks": [],
              "afterHooks": [],
              "tests": [
                {
                  "title": "should send token in response",
                  "fullTitle": "Auth Middleware sendTokenResponse function should send token in response",
                  "timedOut": false,
                  "duration": 5,
                  "state": "passed",
                  "speed": "fast",
                  "pass": true,
                  "fail": false,
                  "pending": false,
                  "context": null,
                  "code": "const res = {\n    status: sinon.stub().returnsThis(),\n    cookie: sinon.stub().returnsThis(),\n    json: sinon.stub()\n};\nsendTokenResponse(user, 200, res);\nexpect(res.status.calledWith(200)).to.be.true;\nexpect(res.cookie.calledOnce).to.be.true;\nexpect(res.json.calledOnce).to.be.true;\nconst jsonArg = res.json.firstCall.args[0];\nexpect(jsonArg.success).to.be.true;\nexpect(jsonArg.token).to.exist;\nexpect(jsonArg.user).to.exist;",
                  "err": {},
                  "uuid": "707df03e-5b13-40da-a02b-865afe04bcb5",
                  "parentUUID": "64df986b-2beb-4f48-b594-a2f13bd68f9b",
                  "isHook": false,
                  "skipped": false
                },
                {
                  "title": "should set httpOnly cookie",
                  "fullTitle": "Auth Middleware sendTokenResponse function should set httpOnly cookie",
                  "timedOut": false,
                  "duration": 5,
                  "state": "passed",
                  "speed": "fast",
                  "pass": true,
                  "fail": false,
                  "pending": false,
                  "context": null,
                  "code": "const res = {\n    status: sinon.stub().returnsThis(),\n    cookie: sinon.stub().returnsThis(),\n    json: sinon.stub()\n};\nsendTokenResponse(user, 200, res);\nconst cookieArgs = res.cookie.firstCall.args;\nexpect(cookieArgs[0]).to.equal('token');\nexpect(cookieArgs[2].httpOnly).to.be.true;\nexpect(cookieArgs[2].sameSite).to.equal('strict');",
                  "err": {},
                  "uuid": "23881726-b260-486d-af00-e58b272a76b9",
                  "parentUUID": "64df986b-2beb-4f48-b594-a2f13bd68f9b",
                  "isHook": false,
                  "skipped": false
                },
                {
                  "title": "should use correct status code",
                  "fullTitle": "Auth Middleware sendTokenResponse function should use correct status code",
                  "timedOut": false,
                  "duration": 5,
                  "state": "passed",
                  "speed": "fast",
                  "pass": true,
                  "fail": false,
                  "pending": false,
                  "context": null,
                  "code": "const res = {\n    status: sinon.stub().returnsThis(),\n    cookie: sinon.stub().returnsThis(),\n    json: sinon.stub()\n};\nsendTokenResponse(user, 201, res);\nexpect(res.status.calledWith(201)).to.be.true;",
                  "err": {},
                  "uuid": "effffaaa-a129-49a0-92c7-3ec504b005c6",
                  "parentUUID": "64df986b-2beb-4f48-b594-a2f13bd68f9b",
                  "isHook": false,
                  "skipped": false
                }
              ],
              "suites": [],
              "passes": [
                "707df03e-5b13-40da-a02b-865afe04bcb5",
                "23881726-b260-486d-af00-e58b272a76b9",
                "effffaaa-a129-49a0-92c7-3ec504b005c6"
              ],
              "failures": [],
              "pending": [],
              "skipped": [],
              "duration": 15,
              "root": false,
              "rootEmpty": false,
              "_timeout": 10000
            }
          ],
          "passes": [],
          "failures": [],
          "pending": [],
          "skipped": [],
          "duration": 0,
          "root": false,
          "rootEmpty": false,
          "_timeout": 10000
        },
        {
          "uuid": "4c2dfed4-561e-49c6-b652-ecef8e8ca4e3",
          "title": "Error Handler Middleware",
          "fullFile": "D:\\Sanskar\\Learn\\Jenkins\\sample-app\\backend\\src\\tests\\unit\\middleware\\errorHandler.test.js",
          "file": "\\src\\tests\\unit\\middleware\\errorHandler.test.js",
          "beforeHooks": [
            {
              "title": "\"before each\" hook in \"Error Handler Middleware\"",
              "fullTitle": "Error Handler Middleware \"before each\" hook in \"Error Handler Middleware\"",
              "timedOut": false,
              "duration": 1,
              "state": null,
              "speed": null,
              "pass": false,
              "fail": false,
              "pending": false,
              "context": null,
              "code": "req = {};\nres = {\n    status: sinon.stub().returnsThis(),\n    json: sinon.stub()\n};\nnext = sinon.stub();\nprocess.env.NODE_ENV = 'test';",
              "err": {},
              "uuid": "a983bf6e-ce8a-41aa-9631-ebb03bb0e82f",
              "parentUUID": "4c2dfed4-561e-49c6-b652-ecef8e8ca4e3",
              "isHook": true,
              "skipped": false
            }
          ],
          "afterHooks": [],
          "tests": [],
          "suites": [
            {
              "uuid": "8df18d99-1146-4dca-845a-17795ddcdf6b",
              "title": "Mongoose CastError",
              "fullFile": "D:\\Sanskar\\Learn\\Jenkins\\sample-app\\backend\\src\\tests\\unit\\middleware\\errorHandler.test.js",
              "file": "\\src\\tests\\unit\\middleware\\errorHandler.test.js",
              "beforeHooks": [],
              "afterHooks": [],
              "tests": [
                {
                  "title": "should handle CastError with 404 status",
                  "fullTitle": "Error Handler Middleware Mongoose CastError should handle CastError with 404 status",
                  "timedOut": false,
                  "duration": 3,
                  "state": "passed",
                  "speed": "fast",
                  "pass": true,
                  "fail": false,
                  "pending": false,
                  "context": null,
                  "code": "const error = { name: 'CastError', message: 'Cast to ObjectId failed' };\nerrorHandler(error, req, res, next);\nexpect(res.status.calledWith(404)).to.be.true;\nconst jsonArg = res.json.firstCall.args[0];\nexpect(jsonArg.success).to.be.false;\nexpect(jsonArg.message).to.equal('Resource not found');",
                  "err": {},
                  "uuid": "46c94bfd-689b-41b9-8ac9-f38f50bb7445",
                  "parentUUID": "8df18d99-1146-4dca-845a-17795ddcdf6b",
                  "isHook": false,
                  "skipped": false
                }
              ],
              "suites": [],
              "passes": [
                "46c94bfd-689b-41b9-8ac9-f38f50bb7445"
              ],
              "failures": [],
              "pending": [],
              "skipped": [],
              "duration": 3,
              "root": false,
              "rootEmpty": false,
              "_timeout": 10000
            },
            {
              "uuid": "1ca09d9b-ac7d-4d9a-aedb-577264992985",
              "title": "MongoDB Duplicate Key Error",
              "fullFile": "D:\\Sanskar\\Learn\\Jenkins\\sample-app\\backend\\src\\tests\\unit\\middleware\\errorHandler.test.js",
              "file": "\\src\\tests\\unit\\middleware\\errorHandler.test.js",
              "beforeHooks": [],
              "afterHooks": [],
              "tests": [
                {
                  "title": "should handle duplicate key error (E11000)",
                  "fullTitle": "Error Handler Middleware MongoDB Duplicate Key Error should handle duplicate key error (E11000)",
                  "timedOut": false,
                  "duration": 4,
                  "state": "passed",
                  "speed": "fast",
                  "pass": true,
                  "fail": false,
                  "pending": false,
                  "context": null,
                  "code": "const error = { code: 11000, keyValue: { email: 'test@example.com' }, message: 'Duplicate key error' };\nerrorHandler(error, req, res, next);\nexpect(res.status.calledWith(400)).to.be.true;\nconst jsonArg = res.json.firstCall.args[0];\nexpect(jsonArg.success).to.be.false;\nexpect(jsonArg.message).to.equal('email already exists');",
                  "err": {},
                  "uuid": "19155b19-0ef5-4068-9cc5-f06e73226694",
                  "parentUUID": "1ca09d9b-ac7d-4d9a-aedb-577264992985",
                  "isHook": false,
                  "skipped": false
                },
                {
                  "title": "should handle duplicate key with different field",
                  "fullTitle": "Error Handler Middleware MongoDB Duplicate Key Error should handle duplicate key with different field",
                  "timedOut": false,
                  "duration": 2,
                  "state": "passed",
                  "speed": "fast",
                  "pass": true,
                  "fail": false,
                  "pending": false,
                  "context": null,
                  "code": "const error = { code: 11000, keyValue: { username: 'testuser' }, message: 'Duplicate key error' };\nerrorHandler(error, req, res, next);\nconst jsonArg = res.json.firstCall.args[0];\nexpect(jsonArg.message).to.equal('username already exists');",
                  "err": {},
                  "uuid": "dff2d687-a61c-427e-b305-191cfb114b01",
                  "parentUUID": "1ca09d9b-ac7d-4d9a-aedb-577264992985",
                  "isHook": false,
                  "skipped": false
                }
              ],
              "suites": [],
              "passes": [
                "19155b19-0ef5-4068-9cc5-f06e73226694",
                "dff2d687-a61c-427e-b305-191cfb114b01"
              ],
              "failures": [],
              "pending": [],
              "skipped": [],
              "duration": 6,
              "root": false,
              "rootEmpty": false,
              "_timeout": 10000
            },
            {
              "uuid": "b2d08438-eae0-44c8-b802-20154ae6a22b",
              "title": "Mongoose ValidationError",
              "fullFile": "D:\\Sanskar\\Learn\\Jenkins\\sample-app\\backend\\src\\tests\\unit\\middleware\\errorHandler.test.js",
              "file": "\\src\\tests\\unit\\middleware\\errorHandler.test.js",
              "beforeHooks": [],
              "afterHooks": [],
              "tests": [
                {
                  "title": "should handle validation error",
                  "fullTitle": "Error Handler Middleware Mongoose ValidationError should handle validation error",
                  "timedOut": false,
                  "duration": 7,
                  "state": "passed",
                  "speed": "fast",
                  "pass": true,
                  "fail": false,
                  "pending": false,
                  "context": null,
                  "code": "const error = {\n    name: 'ValidationError',\n    errors: {\n        name: { message: 'Name is required' },\n        email: { message: 'Email is required' },\n    },\n    message: 'Validation failed',\n};\nerrorHandler(error, req, res, next);\nexpect(res.status.calledWith(400)).to.be.true;\nconst jsonArg = res.json.firstCall.args[0];\nexpect(jsonArg.success).to.be.false;\nexpect(jsonArg.message).to.include('Name is required');",
                  "err": {},
                  "uuid": "16cacea1-811b-45b8-8315-4f5026ae08a4",
                  "parentUUID": "b2d08438-eae0-44c8-b802-20154ae6a22b",
                  "isHook": false,
                  "skipped": false
                },
                {
                  "title": "should combine multiple validation errors",
                  "fullTitle": "Error Handler Middleware Mongoose ValidationError should combine multiple validation errors",
                  "timedOut": false,
                  "duration": 3,
                  "state": "passed",
                  "speed": "fast",
                  "pass": true,
                  "fail": false,
                  "pending": false,
                  "context": null,
                  "code": "const error = {\n    name: 'ValidationError',\n    errors: {\n        field1: { message: 'Error 1' },\n        field2: { message: 'Error 2' },\n    },\n    message: 'Validation failed',\n};\nerrorHandler(error, req, res, next);\nconst jsonArg = res.json.firstCall.args[0];\nexpect(jsonArg.message).to.include('Error 1');\nexpect(jsonArg.message).to.include('Error 2');",
                  "err": {},
                  "uuid": "cd058d96-57cd-401e-b695-5f8c6bee2cdf",
                  "parentUUID": "b2d08438-eae0-44c8-b802-20154ae6a22b",
                  "isHook": false,
                  "skipped": false
                }
              ],
              "suites": [],
              "passes": [
                "16cacea1-811b-45b8-8315-4f5026ae08a4",
                "cd058d96-57cd-401e-b695-5f8c6bee2cdf"
              ],
              "failures": [],
              "pending": [],
              "skipped": [],
              "duration": 10,
              "root": false,
              "rootEmpty": false,
              "_timeout": 10000
            },
            {
              "uuid": "aa182948-2082-49b9-94c0-0e1c10b306ef",
              "title": "JWT Errors",
              "fullFile": "D:\\Sanskar\\Learn\\Jenkins\\sample-app\\backend\\src\\tests\\unit\\middleware\\errorHandler.test.js",
              "file": "\\src\\tests\\unit\\middleware\\errorHandler.test.js",
              "beforeHooks": [],
              "afterHooks": [],
              "tests": [
                {
                  "title": "should handle JsonWebTokenError",
                  "fullTitle": "Error Handler Middleware JWT Errors should handle JsonWebTokenError",
                  "timedOut": false,
                  "duration": 3,
                  "state": "passed",
                  "speed": "fast",
                  "pass": true,
                  "fail": false,
                  "pending": false,
                  "context": null,
                  "code": "const error = { name: 'JsonWebTokenError', message: 'jwt malformed' };\nerrorHandler(error, req, res, next);\nexpect(res.status.calledWith(401)).to.be.true;\nconst jsonArg = res.json.firstCall.args[0];\nexpect(jsonArg.success).to.be.false;\nexpect(jsonArg.message).to.equal('Invalid token');",
                  "err": {},
                  "uuid": "efda4aed-05c3-456e-9f82-2181142c2512",
                  "parentUUID": "aa182948-2082-49b9-94c0-0e1c10b306ef",
                  "isHook": false,
                  "skipped": false
                },
                {
                  "title": "should handle TokenExpiredError",
                  "fullTitle": "Error Handler Middleware JWT Errors should handle TokenExpiredError",
                  "timedOut": false,
                  "duration": 1,
                  "state": "passed",
                  "speed": "fast",
                  "pass": true,
                  "fail": false,
                  "pending": false,
                  "context": null,
                  "code": "const error = { name: 'TokenExpiredError', message: 'jwt expired' };\nerrorHandler(error, req, res, next);\nexpect(res.status.calledWith(401)).to.be.true;\nconst jsonArg = res.json.firstCall.args[0];\nexpect(jsonArg.success).to.be.false;\nexpect(jsonArg.message).to.equal('Token expired');",
                  "err": {},
                  "uuid": "da4525cb-ef7b-475d-8200-3f00464f6294",
                  "parentUUID": "aa182948-2082-49b9-94c0-0e1c10b306ef",
                  "isHook": false,
                  "skipped": false
                }
              ],
              "suites": [],
              "passes": [
                "efda4aed-05c3-456e-9f82-2181142c2512",
                "da4525cb-ef7b-475d-8200-3f00464f6294"
              ],
              "failures": [],
              "pending": [],
              "skipped": [],
              "duration": 4,
              "root": false,
              "rootEmpty": false,
              "_timeout": 10000
            },
            {
              "uuid": "1f075813-504f-4e6a-a4fa-6ff76f887de8",
              "title": "Generic Errors",
              "fullFile": "D:\\Sanskar\\Learn\\Jenkins\\sample-app\\backend\\src\\tests\\unit\\middleware\\errorHandler.test.js",
              "file": "\\src\\tests\\unit\\middleware\\errorHandler.test.js",
              "beforeHooks": [],
              "afterHooks": [],
              "tests": [
                {
                  "title": "should handle generic error with 500 status",
                  "fullTitle": "Error Handler Middleware Generic Errors should handle generic error with 500 status",
                  "timedOut": false,
                  "duration": 3,
                  "state": "passed",
                  "speed": "fast",
                  "pass": true,
                  "fail": false,
                  "pending": false,
                  "context": null,
                  "code": "const error = { message: 'Something went wrong' };\nerrorHandler(error, req, res, next);\nexpect(res.status.calledWith(500)).to.be.true;\nconst jsonArg = res.json.firstCall.args[0];\nexpect(jsonArg.success).to.be.false;\nexpect(jsonArg.message).to.equal('Something went wrong');",
                  "err": {},
                  "uuid": "91503f16-c219-4284-8a67-4b157d830d6a",
                  "parentUUID": "1f075813-504f-4e6a-a4fa-6ff76f887de8",
                  "isHook": false,
                  "skipped": false
                },
                {
                  "title": "should use default message if no message provided",
                  "fullTitle": "Error Handler Middleware Generic Errors should use default message if no message provided",
                  "timedOut": false,
                  "duration": 5,
                  "state": "passed",
                  "speed": "fast",
                  "pass": true,
                  "fail": false,
                  "pending": false,
                  "context": null,
                  "code": "const error = {};\nerrorHandler(error, req, res, next);\nconst jsonArg = res.json.firstCall.args[0];\nexpect(jsonArg.message).to.equal('Server Error');",
                  "err": {},
                  "uuid": "99435552-85de-4866-a3cf-6551e52000d5",
                  "parentUUID": "1f075813-504f-4e6a-a4fa-6ff76f887de8",
                  "isHook": false,
                  "skipped": false
                },
                {
                  "title": "should use custom status code if provided",
                  "fullTitle": "Error Handler Middleware Generic Errors should use custom status code if provided",
                  "timedOut": false,
                  "duration": 2,
                  "state": "passed",
                  "speed": "fast",
                  "pass": true,
                  "fail": false,
                  "pending": false,
                  "context": null,
                  "code": "const error = { message: 'Custom error', statusCode: 403 };\nerrorHandler(error, req, res, next);\nexpect(res.status.calledWith(403)).to.be.true;",
                  "err": {},
                  "uuid": "b58be536-ac5e-4369-982c-0fd4db2f90ac",
                  "parentUUID": "1f075813-504f-4e6a-a4fa-6ff76f887de8",
                  "isHook": false,
                  "skipped": false
                }
              ],
              "suites": [],
              "passes": [
                "91503f16-c219-4284-8a67-4b157d830d6a",
                "99435552-85de-4866-a3cf-6551e52000d5",
                "b58be536-ac5e-4369-982c-0fd4db2f90ac"
              ],
              "failures": [],
              "pending": [],
              "skipped": [],
              "duration": 10,
              "root": false,
              "rootEmpty": false,
              "_timeout": 10000
            },
            {
              "uuid": "afbc23dc-4da8-4624-8e0c-87454e2832b1",
              "title": "Development vs Production",
              "fullFile": "D:\\Sanskar\\Learn\\Jenkins\\sample-app\\backend\\src\\tests\\unit\\middleware\\errorHandler.test.js",
              "file": "\\src\\tests\\unit\\middleware\\errorHandler.test.js",
              "beforeHooks": [],
              "afterHooks": [],
              "tests": [
                {
                  "title": "should include stack trace in development",
                  "fullTitle": "Error Handler Middleware Development vs Production should include stack trace in development",
                  "timedOut": false,
                  "duration": 2,
                  "state": "passed",
                  "speed": "fast",
                  "pass": true,
                  "fail": false,
                  "pending": false,
                  "context": null,
                  "code": "process.env.NODE_ENV = 'development';\nconst error = { message: 'Test error', stack: 'Error stack trace...' };\nerrorHandler(error, req, res, next);\nconst jsonArg = res.json.firstCall.args[0];\nexpect(jsonArg.stack).to.exist;",
                  "err": {},
                  "uuid": "5e7cf7dc-cdc2-44d7-8d96-6e00e8b922ec",
                  "parentUUID": "afbc23dc-4da8-4624-8e0c-87454e2832b1",
                  "isHook": false,
                  "skipped": false
                },
                {
                  "title": "should not include stack trace in production",
                  "fullTitle": "Error Handler Middleware Development vs Production should not include stack trace in production",
                  "timedOut": false,
                  "duration": 2,
                  "state": "passed",
                  "speed": "fast",
                  "pass": true,
                  "fail": false,
                  "pending": false,
                  "context": null,
                  "code": "process.env.NODE_ENV = 'production';\nconst error = { message: 'Test error', stack: 'Error stack trace...' };\nerrorHandler(error, req, res, next);\nconst jsonArg = res.json.firstCall.args[0];\nexpect(jsonArg.stack).to.be.undefined;",
                  "err": {},
                  "uuid": "47b330c4-968f-4360-884b-30dca3f56df6",
                  "parentUUID": "afbc23dc-4da8-4624-8e0c-87454e2832b1",
                  "isHook": false,
                  "skipped": false
                }
              ],
              "suites": [],
              "passes": [
                "5e7cf7dc-cdc2-44d7-8d96-6e00e8b922ec",
                "47b330c4-968f-4360-884b-30dca3f56df6"
              ],
              "failures": [],
              "pending": [],
              "skipped": [],
              "duration": 4,
              "root": false,
              "rootEmpty": false,
              "_timeout": 10000
            },
            {
              "uuid": "fb92f1cc-b05e-48c0-aa66-cc7190077842",
              "title": "Response Format",
              "fullFile": "D:\\Sanskar\\Learn\\Jenkins\\sample-app\\backend\\src\\tests\\unit\\middleware\\errorHandler.test.js",
              "file": "\\src\\tests\\unit\\middleware\\errorHandler.test.js",
              "beforeHooks": [],
              "afterHooks": [],
              "tests": [
                {
                  "title": "should always include success: false",
                  "fullTitle": "Error Handler Middleware Response Format should always include success: false",
                  "timedOut": false,
                  "duration": 2,
                  "state": "passed",
                  "speed": "fast",
                  "pass": true,
                  "fail": false,
                  "pending": false,
                  "context": null,
                  "code": "const error = { message: 'Test error' };\nerrorHandler(error, req, res, next);\nconst jsonArg = res.json.firstCall.args[0];\nexpect(jsonArg.success).to.be.false;",
                  "err": {},
                  "uuid": "8935ab42-811d-4752-b72b-cf8cdc98318b",
                  "parentUUID": "fb92f1cc-b05e-48c0-aa66-cc7190077842",
                  "isHook": false,
                  "skipped": false
                },
                {
                  "title": "should always include message",
                  "fullTitle": "Error Handler Middleware Response Format should always include message",
                  "timedOut": false,
                  "duration": 1,
                  "state": "passed",
                  "speed": "fast",
                  "pass": true,
                  "fail": false,
                  "pending": false,
                  "context": null,
                  "code": "const error = { message: 'Test error' };\nerrorHandler(error, req, res, next);\nconst jsonArg = res.json.firstCall.args[0];\nexpect(jsonArg.message).to.exist;",
                  "err": {},
                  "uuid": "67bdc924-117e-479a-b5fd-44f849effc50",
                  "parentUUID": "fb92f1cc-b05e-48c0-aa66-cc7190077842",
                  "isHook": false,
                  "skipped": false
                }
              ],
              "suites": [],
              "passes": [
                "8935ab42-811d-4752-b72b-cf8cdc98318b",
                "67bdc924-117e-479a-b5fd-44f849effc50"
              ],
              "failures": [],
              "pending": [],
              "skipped": [],
              "duration": 3,
              "root": false,
              "rootEmpty": false,
              "_timeout": 10000
            }
          ],
          "passes": [],
          "failures": [],
          "pending": [],
          "skipped": [],
          "duration": 0,
          "root": false,
          "rootEmpty": false,
          "_timeout": 10000
        },
        {
          "uuid": "739af430-6123-4ab7-a301-7671dae71691",
          "title": "Validation Middleware",
          "fullFile": "D:\\Sanskar\\Learn\\Jenkins\\sample-app\\backend\\src\\tests\\unit\\middleware\\validation.test.js",
          "file": "\\src\\tests\\unit\\middleware\\validation.test.js",
          "beforeHooks": [],
          "afterHooks": [],
          "tests": [],
          "suites": [
            {
              "uuid": "6d6aefe4-cd08-4935-b7eb-7f38d65da7a1",
              "title": "validate middleware function",
              "fullFile": "D:\\Sanskar\\Learn\\Jenkins\\sample-app\\backend\\src\\tests\\unit\\middleware\\validation.test.js",
              "file": "\\src\\tests\\unit\\middleware\\validation.test.js",
              "beforeHooks": [],
              "afterHooks": [],
              "tests": [
                {
                  "title": "should pass valid data through",
                  "fullTitle": "Validation Middleware validate middleware function should pass valid data through",
                  "timedOut": false,
                  "duration": 1,
                  "state": "passed",
                  "speed": "fast",
                  "pass": true,
                  "fail": false,
                  "pending": false,
                  "context": null,
                  "code": "const validData = { name: 'John Doe', email: 'john@example.com', password: 'password123' };\nconst req = { body: validData };\nconst res = {};\nconst next = sinon.stub();\nvalidate(schemas.signup)(req, res, next);\nexpect(next.calledOnce).to.be.true;",
                  "err": {},
                  "uuid": "a9d45443-8a8c-4caf-a784-8f4f7bc4889c",
                  "parentUUID": "6d6aefe4-cd08-4935-b7eb-7f38d65da7a1",
                  "isHook": false,
                  "skipped": false
                },
                {
                  "title": "should return 400 for invalid data",
                  "fullTitle": "Validation Middleware validate middleware function should return 400 for invalid data",
                  "timedOut": false,
                  "duration": 3,
                  "state": "passed",
                  "speed": "fast",
                  "pass": true,
                  "fail": false,
                  "pending": false,
                  "context": null,
                  "code": "const invalidData = { name: 'J', email: 'invalid-email', password: '123' };\nconst req = { body: invalidData };\nconst res = { status: sinon.stub().returnsThis(), json: sinon.stub() };\nconst next = sinon.stub();\nvalidate(schemas.signup)(req, res, next);\nexpect(res.status.calledWith(400)).to.be.true;\nexpect(res.json.calledOnce).to.be.true;\nconst jsonArg = res.json.firstCall.args[0];\nexpect(jsonArg.success).to.be.false;\nexpect(jsonArg.message).to.equal('Validation failed');\nexpect(jsonArg.errors).to.be.an('array');\nexpect(next.called).to.be.false;",
                  "err": {},
                  "uuid": "2db807ad-02bf-492c-95c0-da482fc3e240",
                  "parentUUID": "6d6aefe4-cd08-4935-b7eb-7f38d65da7a1",
                  "isHook": false,
                  "skipped": false
                },
                {
                  "title": "should return all validation errors",
                  "fullTitle": "Validation Middleware validate middleware function should return all validation errors",
                  "timedOut": false,
                  "duration": 3,
                  "state": "passed",
                  "speed": "fast",
                  "pass": true,
                  "fail": false,
                  "pending": false,
                  "context": null,
                  "code": "const invalidData = { name: 'J', email: 'invalid' };\nconst req = { body: invalidData };\nconst res = { status: sinon.stub().returnsThis(), json: sinon.stub() };\nconst next = sinon.stub();\nvalidate(schemas.signup)(req, res, next);\nconst jsonArg = res.json.firstCall.args[0];\nexpect(jsonArg.errors.length).to.be.greaterThan(1);",
                  "err": {},
                  "uuid": "485817ef-72d8-4026-b740-eada7d1f8e9a",
                  "parentUUID": "6d6aefe4-cd08-4935-b7eb-7f38d65da7a1",
                  "isHook": false,
                  "skipped": false
                }
              ],
              "suites": [],
              "passes": [
                "a9d45443-8a8c-4caf-a784-8f4f7bc4889c",
                "2db807ad-02bf-492c-95c0-da482fc3e240",
                "485817ef-72d8-4026-b740-eada7d1f8e9a"
              ],
              "failures": [],
              "pending": [],
              "skipped": [],
              "duration": 7,
              "root": false,
              "rootEmpty": false,
              "_timeout": 10000
            },
            {
              "uuid": "a62dcbda-cc0d-494d-8379-83dd173966ae",
              "title": "signup schema",
              "fullFile": "D:\\Sanskar\\Learn\\Jenkins\\sample-app\\backend\\src\\tests\\unit\\middleware\\validation.test.js",
              "file": "\\src\\tests\\unit\\middleware\\validation.test.js",
              "beforeHooks": [],
              "afterHooks": [],
              "tests": [
                {
                  "title": "should validate correct signup data",
[...]
                  "pass": true,
                  "fail": false,
                  "pending": false,
                  "context": null,
                  "code": "const date = new Date('2024-12-25');\nconst formatted = formatDate(date);\nexpect(formatted).to.include('Dec');",
                  "err": {},
                  "uuid": "8cc40661-0b90-47ab-8ddd-bc8d4e8abc15",
                  "parentUUID": "eca99059-f925-4529-873b-f8b1756ba8d7",
                  "isHook": false,
                  "skipped": false
                }
              ],
              "suites": [],
              "passes": [
                "2aba2c57-5bc8-4b2b-80ec-485e44c41a5f",
                "b3150a73-a05b-4896-907c-244e809a26df",
                "f74b771a-0105-404c-bf78-4d8a3b2f6dda",
                "8cc40661-0b90-47ab-8ddd-bc8d4e8abc15"
              ],
              "failures": [],
              "pending": [],
              "skipped": [],
              "duration": 17,
              "root": false,
              "rootEmpty": false,
              "_timeout": 10000
            },
            {
              "uuid": "20ce794e-e584-496a-bd64-33fb183b8d75",
              "title": "getMonthName",
              "fullFile": "D:\\Sanskar\\Learn\\Jenkins\\sample-app\\backend\\src\\tests\\unit\\utils\\helpers.test.js",
              "file": "\\src\\tests\\unit\\utils\\helpers.test.js",
              "beforeHooks": [],
              "afterHooks": [],
              "tests": [
                {
                  "title": "should return correct month names",
                  "fullTitle": "Helper Functions getMonthName should return correct month names",
                  "timedOut": false,
                  "duration": 1,
                  "state": "passed",
                  "speed": "fast",
                  "pass": true,
                  "fail": false,
                  "pending": false,
                  "context": null,
                  "code": "expect(getMonthName(1)).to.equal('January');\nexpect(getMonthName(2)).to.equal('February');\nexpect(getMonthName(3)).to.equal('March');\nexpect(getMonthName(4)).to.equal('April');\nexpect(getMonthName(5)).to.equal('May');\nexpect(getMonthName(6)).to.equal('June');\nexpect(getMonthName(7)).to.equal('July');\nexpect(getMonthName(8)).to.equal('August');\nexpect(getMonthName(9)).to.equal('September');\nexpect(getMonthName(10)).to.equal('October');\nexpect(getMonthName(11)).to.equal('November');\nexpect(getMonthName(12)).to.equal('December');",
                  "err": {},
                  "uuid": "2e880a09-2e4f-473e-8b56-9646a0ec44ee",
                  "parentUUID": "20ce794e-e584-496a-bd64-33fb183b8d75",
                  "isHook": false,
                  "skipped": false
                },
                {
                  "title": "should handle invalid month index",
                  "fullTitle": "Helper Functions getMonthName should handle invalid month index",
                  "timedOut": false,
                  "duration": 1,
                  "state": "passed",
                  "speed": "fast",
                  "pass": true,
                  "fail": false,
                  "pending": false,
                  "context": null,
                  "code": "expect(getMonthName(0)).to.equal('');\nexpect(getMonthName(13)).to.equal('');\nexpect(getMonthName(100)).to.equal('');",
                  "err": {},
                  "uuid": "7c6eab40-3e5d-428d-9032-8ac3c7b33aee",
                  "parentUUID": "20ce794e-e584-496a-bd64-33fb183b8d75",
                  "isHook": false,
                  "skipped": false
                }
              ],
              "suites": [],
              "passes": [
                "2e880a09-2e4f-473e-8b56-9646a0ec44ee",
                "7c6eab40-3e5d-428d-9032-8ac3c7b33aee"
              ],
              "failures": [],
              "pending": [],
              "skipped": [],
              "duration": 2,
              "root": false,
              "rootEmpty": false,
              "_timeout": 10000
            },
            {
              "uuid": "76356027-391a-42d9-b6cf-8f65906b2083",
              "title": "getCurrentMonthRange",
              "fullFile": "D:\\Sanskar\\Learn\\Jenkins\\sample-app\\backend\\src\\tests\\unit\\utils\\helpers.test.js",
              "file": "\\src\\tests\\unit\\utils\\helpers.test.js",
              "beforeHooks": [],
              "afterHooks": [],
              "tests": [
                {
                  "title": "should return start and end dates",
                  "fullTitle": "Helper Functions getCurrentMonthRange should return start and end dates",
                  "timedOut": false,
                  "duration": 2,
                  "state": "passed",
                  "speed": "fast",
                  "pass": true,
                  "fail": false,
                  "pending": false,
                  "context": null,
                  "code": "const range = getCurrentMonthRange();\nexpect(range).to.have.property('start');\nexpect(range).to.have.property('end');",
                  "err": {},
                  "uuid": "b86bef5a-2cc0-4bb5-993d-590bab80d161",
                  "parentUUID": "76356027-391a-42d9-b6cf-8f65906b2083",
                  "isHook": false,
                  "skipped": false
                },
                {
                  "title": "should have start date at beginning of month",
                  "fullTitle": "Helper Functions getCurrentMonthRange should have start date at beginning of month",
                  "timedOut": false,
                  "duration": 0,
                  "state": "passed",
                  "speed": "fast",
                  "pass": true,
                  "fail": false,
                  "pending": false,
                  "context": null,
                  "code": "const range = getCurrentMonthRange();\nconst start = new Date(range.start);\nexpect(start.getDate()).to.equal(1);\nexpect(start.getHours()).to.equal(0);\nexpect(start.getMinutes()).to.equal(0);",
                  "err": {},
                  "uuid": "f70a3fad-a9ff-4ec1-9198-c96f6fd4023d",
                  "parentUUID": "76356027-391a-42d9-b6cf-8f65906b2083",
                  "isHook": false,
                  "skipped": false
                },
                {
                  "title": "should have end date at end of month",
                  "fullTitle": "Helper Functions getCurrentMonthRange should have end date at end of month",
                  "timedOut": false,
                  "duration": 0,
                  "state": "passed",
                  "speed": "fast",
                  "pass": true,
                  "fail": false,
                  "pending": false,
                  "context": null,
                  "code": "const range = getCurrentMonthRange();\nconst end = new Date(range.end);\nexpect(end.getHours()).to.equal(23);\nexpect(end.getMinutes()).to.equal(59);",
                  "err": {},
                  "uuid": "8c63c314-fb99-4e47-859f-e1677f836f14",
                  "parentUUID": "76356027-391a-42d9-b6cf-8f65906b2083",
                  "isHook": false,
                  "skipped": false
                },
                {
                  "title": "should cover full month",
                  "fullTitle": "Helper Functions getCurrentMonthRange should cover full month",
                  "timedOut": false,
                  "duration": 0,
                  "state": "passed",
                  "speed": "fast",
                  "pass": true,
                  "fail": false,
                  "pending": false,
                  "context": null,
                  "code": "const range = getCurrentMonthRange();\nconst start = new Date(range.start);\nconst end = new Date(range.end);\nexpect(start.getMonth()).to.equal(end.getMonth());",
                  "err": {},
                  "uuid": "ce21b379-4307-45be-869c-0e9540dce8fc",
                  "parentUUID": "76356027-391a-42d9-b6cf-8f65906b2083",
                  "isHook": false,
                  "skipped": false
                },
                {
                  "title": "should handle different months correctly",
                  "fullTitle": "Helper Functions getCurrentMonthRange should handle different months correctly",
                  "timedOut": false,
                  "duration": 1,
                  "state": "passed",
                  "speed": "fast",
                  "pass": true,
                  "fail": false,
                  "pending": false,
                  "context": null,
                  "code": "const range = getCurrentMonthRange();\nexpect(range.start).to.exist;\nexpect(range.end).to.exist;\nexpect(new Date(range.end)).to.be.greaterThan(new Date(range.start));",
                  "err": {},
                  "uuid": "3549afc6-1fcd-47ae-b2a9-81ad6810897c",
                  "parentUUID": "76356027-391a-42d9-b6cf-8f65906b2083",
                  "isHook": false,
                  "skipped": false
                }
              ],
              "suites": [],
              "passes": [
                "b86bef5a-2cc0-4bb5-993d-590bab80d161",
                "f70a3fad-a9ff-4ec1-9198-c96f6fd4023d",
                "8c63c314-fb99-4e47-859f-e1677f836f14",
                "ce21b379-4307-45be-869c-0e9540dce8fc",
                "3549afc6-1fcd-47ae-b2a9-81ad6810897c"
              ],
              "failures": [],
              "pending": [],
              "skipped": [],
              "duration": 3,
              "root": false,
              "rootEmpty": false,
              "_timeout": 10000
            },
            {
              "uuid": "b589e532-55ab-497e-907f-50f98aed613c",
              "title": "calculatePercentage",
              "fullFile": "D:\\Sanskar\\Learn\\Jenkins\\sample-app\\backend\\src\\tests\\unit\\utils\\helpers.test.js",
              "file": "\\src\\tests\\unit\\utils\\helpers.test.js",
              "beforeHooks": [],
              "afterHooks": [],
              "tests": [
                {
                  "title": "should calculate percentage correctly",
                  "fullTitle": "Helper Functions calculatePercentage should calculate percentage correctly",
                  "timedOut": false,
                  "duration": 0,
                  "state": "passed",
                  "speed": "fast",
                  "pass": true,
                  "fail": false,
                  "pending": false,
                  "context": null,
                  "code": "expect(calculatePercentage(50, 100)).to.equal(50);",
                  "err": {},
                  "uuid": "33c9535d-3bea-4e32-a898-3285a92d043d",
                  "parentUUID": "b589e532-55ab-497e-907f-50f98aed613c",
                  "isHook": false,
                  "skipped": false
                },
                {
                  "title": "should handle zero total",
                  "fullTitle": "Helper Functions calculatePercentage should handle zero total",
                  "timedOut": false,
                  "duration": 0,
                  "state": "passed",
                  "speed": "fast",
                  "pass": true,
                  "fail": false,
                  "pending": false,
                  "context": null,
                  "code": "expect(calculatePercentage(50, 0)).to.equal(0);",
                  "err": {},
                  "uuid": "e8bf6362-a724-4dcb-b23b-3b5df79db702",
                  "parentUUID": "b589e532-55ab-497e-907f-50f98aed613c",
                  "isHook": false,
                  "skipped": false
                },
                {
                  "title": "should handle zero part",
                  "fullTitle": "Helper Functions calculatePercentage should handle zero part",
                  "timedOut": false,
                  "duration": 0,
                  "state": "passed",
                  "speed": "fast",
                  "pass": true,
                  "fail": false,
                  "pending": false,
                  "context": null,
                  "code": "expect(calculatePercentage(0, 100)).to.equal(0);",
                  "err": {},
                  "uuid": "1c6a26ff-4f40-4c73-893e-854c66eae749",
                  "parentUUID": "b589e532-55ab-497e-907f-50f98aed613c",
                  "isHook": false,
                  "skipped": false
                },
                {
                  "title": "should handle percentages greater than 100",
                  "fullTitle": "Helper Functions calculatePercentage should handle percentages greater than 100",
                  "timedOut": false,
                  "duration": 0,
                  "state": "passed",
                  "speed": "fast",
                  "pass": true,
                  "fail": false,
                  "pending": false,
                  "context": null,
                  "code": "expect(calculatePercentage(150, 100)).to.equal(150);",
                  "err": {},
                  "uuid": "85b2a8d3-7220-4bd7-8834-9383e2b165fd",
                  "parentUUID": "b589e532-55ab-497e-907f-50f98aed613c",
                  "isHook": false,
                  "skipped": false
                },
                {
                  "title": "should handle decimal values",
                  "fullTitle": "Helper Functions calculatePercentage should handle decimal values",
                  "timedOut": false,
                  "duration": 0,
                  "state": "passed",
                  "speed": "fast",
                  "pass": true,
                  "fail": false,
                  "pending": false,
                  "context": null,
                  "code": "const result = calculatePercentage(33.33, 100);\nexpect(result).to.equal(33);",
                  "err": {},
                  "uuid": "a116ddd4-abf3-4084-8928-20b6b60d8d8f",
                  "parentUUID": "b589e532-55ab-497e-907f-50f98aed613c",
                  "isHook": false,
                  "skipped": false
                },
                {
                  "title": "should round to nearest integer",
                  "fullTitle": "Helper Functions calculatePercentage should round to nearest integer",
                  "timedOut": false,
                  "duration": 0,
                  "state": "passed",
                  "speed": "fast",
                  "pass": true,
                  "fail": false,
                  "pending": false,
                  "context": null,
                  "code": "const result = calculatePercentage(1, 3);\nexpect(result).to.equal(33);",
                  "err": {},
                  "uuid": "2200c41a-442b-4924-9a92-54e48e41e3a3",
                  "parentUUID": "b589e532-55ab-497e-907f-50f98aed613c",
                  "isHook": false,
                  "skipped": false
                },
                {
                  "title": "should handle negative values",
                  "fullTitle": "Helper Functions calculatePercentage should handle negative values",
                  "timedOut": false,
                  "duration": 0,
                  "state": "passed",
                  "speed": "fast",
                  "pass": true,
                  "fail": false,
                  "pending": false,
                  "context": null,
                  "code": "expect(calculatePercentage(-50, 100)).to.equal(-50);",
                  "err": {},
                  "uuid": "ba2f9cca-0ab3-438d-9635-afdc99f49a4f",
                  "parentUUID": "b589e532-55ab-497e-907f-50f98aed613c",
                  "isHook": false,
                  "skipped": false
                },
                {
                  "title": "should handle both negative values",
                  "fullTitle": "Helper Functions calculatePercentage should handle both negative values",
                  "timedOut": false,
                  "duration": 1,
                  "state": "passed",
                  "speed": "fast",
                  "pass": true,
                  "fail": false,
                  "pending": false,
                  "context": null,
                  "code": "expect(calculatePercentage(-50, -100)).to.equal(50);",
                  "err": {},
                  "uuid": "7da290e1-7a9a-4237-a1bd-4f9fb93dba38",
                  "parentUUID": "b589e532-55ab-497e-907f-50f98aed613c",
                  "isHook": false,
                  "skipped": false
                },
                {
                  "title": "should handle small percentages",
                  "fullTitle": "Helper Functions calculatePercentage should handle small percentages",
                  "timedOut": false,
                  "duration": 1,
                  "state": "passed",
                  "speed": "fast",
                  "pass": true,
                  "fail": false,
                  "pending": false,
                  "context": null,
                  "code": "const result = calculatePercentage(1, 1000);\nexpect(result).to.equal(0);",
                  "err": {},
                  "uuid": "b8fe94bb-2254-4c9d-9900-96ba559ca111",
                  "parentUUID": "b589e532-55ab-497e-907f-50f98aed613c",
                  "isHook": false,
                  "skipped": false
                },
                {
                  "title": "should handle large numbers",
                  "fullTitle": "Helper Functions calculatePercentage should handle large numbers",
                  "timedOut": false,
                  "duration": 0,
                  "state": "passed",
                  "speed": "fast",
                  "pass": true,
                  "fail": false,
                  "pending": false,
                  "context": null,
                  "code": "expect(calculatePercentage(1000000, 10000000)).to.equal(10);",
                  "err": {},
                  "uuid": "3eecacfe-e291-4076-8a4e-a77a99d5da83",
                  "parentUUID": "b589e532-55ab-497e-907f-50f98aed613c",
                  "isHook": false,
                  "skipped": false
                }
              ],
              "suites": [],
              "passes": [
                "33c9535d-3bea-4e32-a898-3285a92d043d",
                "e8bf6362-a724-4dcb-b23b-3b5df79db702",
                "1c6a26ff-4f40-4c73-893e-854c66eae749",
                "85b2a8d3-7220-4bd7-8834-9383e2b165fd",
                "a116ddd4-abf3-4084-8928-20b6b60d8d8f",
                "2200c41a-442b-4924-9a92-54e48e41e3a3",
                "ba2f9cca-0ab3-438d-9635-afdc99f49a4f",
                "7da290e1-7a9a-4237-a1bd-4f9fb93dba38",
                "b8fe94bb-2254-4c9d-9900-96ba559ca111",
                "3eecacfe-e291-4076-8a4e-a77a99d5da83"
              ],
              "failures": [],
              "pending": [],
              "skipped": [],
              "duration": 2,
              "root": false,
              "rootEmpty": false,
              "_timeout": 10000
            }
          ],
          "passes": [],
          "failures": [],
          "pending": [],
          "skipped": [],
          "duration": 0,
          "root": false,
          "rootEmpty": false,
          "_timeout": 10000
        }
      ],
      "passes": [],
      "failures": [],
      "pending": [],
      "skipped": [],
      "duration": 0,
      "root": true,
      "rootEmpty": true,
      "_timeout": 10000
    }
  ],
  "meta": {
    "mocha": {
      "version": "10.8.2"
    },
    "mochawesome": {
      "options": {
        "quiet": false,
        "reportFilename": "test-report",
        "saveHtml": true,
        "saveJson": true,
        "consoleReporter": "spec",
        "useInlineDiffs": false,
        "code": true
      },
      "version": "7.1.4"
    },
    "marge": {
      "options": {
        "reportDir": "test-results",
        "reportFilename": "test-report",
        "html": "true",
        "json": "true",
        "overwrite": "true",
        "charts": "true",
        "embeddedScreenshots": "true"
      },
      "version": "6.3.2"
    }
  }
}